#! /c/Source/iverilog-install/bin/vvp
:ivl_version "12.0 (devel)" "(s20150603-1539-g2693dd32b)";
:ivl_delay_selection "TYPICAL";
:vpi_time_precision - 12;
:vpi_module "C:\iverilog\lib\ivl\system.vpi";
:vpi_module "C:\iverilog\lib\ivl\vhdl_sys.vpi";
:vpi_module "C:\iverilog\lib\ivl\vhdl_textio.vpi";
:vpi_module "C:\iverilog\lib\ivl\v2005_math.vpi";
:vpi_module "C:\iverilog\lib\ivl\va_math.vpi";
:vpi_module "C:\iverilog\lib\ivl\v2009.vpi";
S_0000013de498bf10 .scope package, "$unit" "$unit" 2 1;
 .timescale 0 0;
S_0000013de4986e70 .scope module, "TB" "TB" 3 5;
 .timescale -9 -12;
P_0000013de498d210 .param/l "p_device_offset" 0 3 23, C4<01110000000000000000000000000000>;
v0000013de49924c0_0 .var "data_from_device", 31 0;
v0000013de4992560_0 .var "paddr", 31 0;
v0000013de49926a0_0 .var "pclk", 0 0;
v0000013de49917a0_0 .var "penable", 0 0;
v0000013de4991840_0 .net "prdata", 31 0, v0000013de4991c00_0;  1 drivers
v0000013de49918e0_0 .net "pready", 0 0, v0000013de4992240_0;  1 drivers
v0000013de49e97f0_0 .var "presetn", 0 0;
v0000013de49e83f0_0 .var "psel", 0 0;
v0000013de49e8490_0 .net "pslverr", 0 0, v0000013de4992600_0;  1 drivers
v0000013de49e92f0_0 .var "pwdata", 31 0;
v0000013de49e8530_0 .var "pwrite", 0 0;
S_0000013de4987000 .scope module, "DUT" "apb_slave" 3 32, 4 1 0, S_0000013de4986e70;
 .timescale -9 -12;
    .port_info 0 /INPUT 1 "pclk";
    .port_info 1 /INPUT 1 "presetn";
    .port_info 2 /INPUT 32 "paddr";
    .port_info 3 /INPUT 32 "pwdata";
    .port_info 4 /INPUT 1 "psel";
    .port_info 5 /INPUT 1 "penable";
    .port_info 6 /INPUT 1 "pwrite";
    .port_info 7 /OUTPUT 1 "pready";
    .port_info 8 /OUTPUT 1 "pslverr";
    .port_info 9 /OUTPUT 32 "prdata";
enum0000013de496f2c0 .enum4 (2)
   "APB_SETUP" 2'b00,
   "APB_W_ENABLE" 2'b01,
   "APB_R_ENABLE" 2'b10
 ;
v0000013de4991980_0 .var "apb_st", 1 0;
v0000013de4991b60_0 .net "paddr", 31 0, v0000013de4992560_0;  1 drivers
v0000013de4991a20_0 .net "pclk", 0 0, v0000013de49926a0_0;  1 drivers
v0000013de4992380_0 .net "penable", 0 0, v0000013de49917a0_0;  1 drivers
v0000013de4991c00_0 .var "prdata", 31 0;
v0000013de4992240_0 .var "pready", 0 0;
v0000013de4991ac0_0 .net "presetn", 0 0, v0000013de49e97f0_0;  1 drivers
v0000013de4991ca0_0 .net "psel", 0 0, v0000013de49e83f0_0;  1 drivers
v0000013de4992600_0 .var "pslverr", 0 0;
v0000013de49922e0_0 .net "pwdata", 31 0, v0000013de49e92f0_0;  1 drivers
v0000013de4991d40_0 .net "pwrite", 0 0, v0000013de49e8530_0;  1 drivers
v0000013de4991de0_0 .var "reg_date", 31 0;
v0000013de4991e80_0 .var "reg_name", 31 0;
v0000013de4991f20_0 .var "reg_number", 31 0;
v0000013de4992420_0 .var "reg_surname", 31 0;
E_0000013de498d310 .event posedge, v0000013de4991a20_0;
S_0000013de4974c80 .scope begin, "apb_r_en_st" "apb_r_en_st" 4 94, 4 94 0, S_0000013de4987000;
 .timescale -9 -12;
S_0000013de4974e10 .scope begin, "apb_setup_st" "apb_setup_st" 4 56, 4 56 0, S_0000013de4987000;
 .timescale -9 -12;
S_0000013de4b16a90 .scope begin, "apb_w_en_st" "apb_w_en_st" 4 75, 4 75 0, S_0000013de4987000;
 .timescale -9 -12;
S_0000013de4b16c20 .scope task, "apb_read" "apb_read" 3 70, 3 70 0, S_0000013de4986e70;
 .timescale -9 -12;
v0000013de4991fc0_0 .var "addr", 31 0;
v0000013de4992060_0 .var "data", 31 0;
E_0000013de498dc10 .event anyedge, v0000013de4992240_0;
E_0000013de498e2d0 .event anyedge, v0000013de4992380_0, v0000013de4992240_0;
TD_TB.apb_read ;
T_0.0 ;
    %load/vec4 v0000013de49917a0_0;
    %pad/u 32;
    %cmpi/e 0, 0, 32;
    %flag_get/vec4 4;
    %jmp/0 T_0.2, 4;
    %load/vec4 v0000013de49918e0_0;
    %pad/u 32;
    %pushi/vec4 0, 0, 32;
    %cmp/e;
    %flag_get/vec4 4;
    %and;
T_0.2;
    %cmpi/ne 1, 0, 1;
    %jmp/0xz T_0.1, 6;
    %wait E_0000013de498e2d0;
    %jmp T_0.0;
T_0.1 ;
    %wait E_0000013de498d310;
    %pushi/vec4 1, 0, 1;
    %assign/vec4 v0000013de49e83f0_0, 0;
    %pushi/vec4 0, 0, 1;
    %assign/vec4 v0000013de49e8530_0, 0;
    %load/vec4 v0000013de4991fc0_0;
    %assign/vec4 v0000013de4992560_0, 0;
    %wait E_0000013de498d310;
    %pushi/vec4 1, 0, 1;
    %assign/vec4 v0000013de49917a0_0, 0;
    %wait E_0000013de498d310;
T_0.3 ;
    %load/vec4 v0000013de49918e0_0;
    %pushi/vec4 1, 0, 1;
    %cmp/e;
    %flag_get/vec4 4;
    %cmpi/ne 1, 0, 1;
    %jmp/0xz T_0.4, 6;
    %wait E_0000013de498dc10;
    %jmp T_0.3;
T_0.4 ;
    %wait E_0000013de498d310;
    %load/vec4 v0000013de4991840_0;
    %assign/vec4 v0000013de4992060_0, 0;
    %pushi/vec4 0, 0, 1;
    %assign/vec4 v0000013de49e83f0_0, 0;
    %pushi/vec4 0, 0, 1;
    %assign/vec4 v0000013de49917a0_0, 0;
    %wait E_0000013de498d310;
    %end;
S_0000013de49e7540 .scope task, "apb_write" "apb_write" 3 47, 3 47 0, S_0000013de4986e70;
 .timescale -9 -12;
v0000013de4992100_0 .var "addr", 31 0;
v0000013de49921a0_0 .var "data", 31 0;
TD_TB.apb_write ;
T_1.5 ;
    %load/vec4 v0000013de49917a0_0;
    %pad/u 32;
    %cmpi/e 0, 0, 32;
    %flag_get/vec4 4;
    %jmp/0 T_1.7, 4;
    %load/vec4 v0000013de49918e0_0;
    %pad/u 32;
    %pushi/vec4 0, 0, 32;
    %cmp/e;
    %flag_get/vec4 4;
    %and;
T_1.7;
    %cmpi/ne 1, 0, 1;
    %jmp/0xz T_1.6, 6;
    %wait E_0000013de498e2d0;
    %jmp T_1.5;
T_1.6 ;
    %wait E_0000013de498d310;
    %pushi/vec4 1, 0, 1;
    %assign/vec4 v0000013de49e83f0_0, 0;
    %load/vec4 v0000013de4992100_0;
    %assign/vec4 v0000013de4992560_0, 0;
    %load/vec4 v0000013de49921a0_0;
    %assign/vec4 v0000013de49e92f0_0, 0;
    %pushi/vec4 1, 0, 1;
    %assign/vec4 v0000013de49e8530_0, 0;
    %wait E_0000013de498d310;
    %pushi/vec4 1, 0, 1;
    %assign/vec4 v0000013de49917a0_0, 0;
    %wait E_0000013de498d310;
T_1.8 ;
    %load/vec4 v0000013de49918e0_0;
    %pushi/vec4 1, 0, 1;
    %cmp/e;
    %flag_get/vec4 4;
    %cmpi/ne 1, 0, 1;
    %jmp/0xz T_1.9, 6;
    %wait E_0000013de498dc10;
    %jmp T_1.8;
T_1.9 ;
    %wait E_0000013de498d310;
    %pushi/vec4 0, 0, 1;
    %assign/vec4 v0000013de49e83f0_0, 0;
    %pushi/vec4 0, 0, 1;
    %assign/vec4 v0000013de49917a0_0, 0;
    %pushi/vec4 0, 0, 1;
    %assign/vec4 v0000013de49e8530_0, 0;
    %wait E_0000013de498d310;
    %end;
    .scope S_0000013de4987000;
T_2 ;
    %wait E_0000013de498d310;
    %load/vec4 v0000013de4991ac0_0;
    %nor/r;
    %flag_set/vec4 8;
    %jmp/0xz  T_2.0, 8;
    %pushi/vec4 0, 0, 32;
    %assign/vec4 v0000013de4991c00_0, 0;
    %pushi/vec4 0, 0, 1;
    %assign/vec4 v0000013de4992600_0, 0;
    %pushi/vec4 0, 0, 1;
    %assign/vec4 v0000013de4992240_0, 0;
    %pushi/vec4 0, 0, 32;
    %assign/vec4 v0000013de4991f20_0, 0;
    %pushi/vec4 0, 0, 32;
    %assign/vec4 v0000013de4991de0_0, 0;
    %pushi/vec4 0, 0, 32;
    %assign/vec4 v0000013de4992420_0, 0;
    %pushi/vec4 0, 0, 32;
    %assign/vec4 v0000013de4991e80_0, 0;
    %pushi/vec4 0, 0, 2;
    %assign/vec4 v0000013de4991980_0, 0;
    %jmp T_2.1;
T_2.0 ;
    %load/vec4 v0000013de4991980_0;
    %dup/vec4;
    %pushi/vec4 0, 0, 2;
    %cmp/u;
    %jmp/1 T_2.2, 6;
    %dup/vec4;
    %pushi/vec4 1, 0, 2;
    %cmp/u;
    %jmp/1 T_2.3, 6;
    %dup/vec4;
    %pushi/vec4 2, 0, 2;
    %cmp/u;
    %jmp/1 T_2.4, 6;
    %pushi/vec4 1, 0, 1;
    %assign/vec4 v0000013de4992600_0, 0;
    %jmp T_2.6;
T_2.2 ;
    %fork t_1, S_0000013de4974e10;
    %jmp t_0;
    .scope S_0000013de4974e10;
t_1 ;
    %pushi/vec4 0, 0, 32;
    %assign/vec4 v0000013de4991c00_0, 0;
    %pushi/vec4 0, 0, 1;
    %assign/vec4 v0000013de4992240_0, 0;
    %load/vec4 v0000013de4991ca0_0;
    %flag_set/vec4 9;
    %flag_get/vec4 9;
    %jmp/0 T_2.9, 9;
    %load/vec4 v0000013de4992380_0;
    %nor/r;
    %and;
T_2.9;
    %flag_set/vec4 8;
    %jmp/0xz  T_2.7, 8;
    %load/vec4 v0000013de4991d40_0;
    %cmpi/e 1, 0, 1;
    %jmp/0xz  T_2.10, 4;
    %pushi/vec4 1, 0, 2;
    %assign/vec4 v0000013de4991980_0, 0;
    %jmp T_2.11;
T_2.10 ;
    %pushi/vec4 2, 0, 2;
    %assign/vec4 v0000013de4991980_0, 0;
T_2.11 ;
T_2.7 ;
    %end;
    .scope S_0000013de4987000;
t_0 %join;
    %jmp T_2.6;
T_2.3 ;
    %fork t_3, S_0000013de4b16a90;
    %jmp t_2;
    .scope S_0000013de4b16a90;
t_3 ;
    %load/vec4 v0000013de4991ca0_0;
    %flag_set/vec4 10;
    %flag_get/vec4 10;
    %jmp/0 T_2.15, 10;
    %load/vec4 v0000013de4992380_0;
    %and;
T_2.15;
    %flag_set/vec4 9;
    %flag_get/vec4 9;
    %jmp/0 T_2.14, 9;
    %load/vec4 v0000013de4991d40_0;
    %and;
T_2.14;
    %flag_set/vec4 8;
    %jmp/0xz  T_2.12, 8;
    %pushi/vec4 1, 0, 1;
    %assign/vec4 v0000013de4992240_0, 0;
    %load/vec4 v0000013de4991b60_0;
    %parti/s 8, 0, 2;
    %dup/vec4;
    %pushi/vec4 0, 0, 8;
    %cmp/u;
    %jmp/1 T_2.16, 6;
    %dup/vec4;
    %pushi/vec4 4, 0, 8;
    %cmp/u;
    %jmp/1 T_2.17, 6;
    %dup/vec4;
    %pushi/vec4 8, 0, 8;
    %cmp/u;
    %jmp/1 T_2.18, 6;
    %dup/vec4;
    %pushi/vec4 12, 0, 8;
    %cmp/u;
    %jmp/1 T_2.19, 6;
    %pushi/vec4 1, 0, 1;
    %assign/vec4 v0000013de4992600_0, 0;
    %jmp T_2.21;
T_2.16 ;
    %load/vec4 v0000013de49922e0_0;
    %assign/vec4 v0000013de4991f20_0, 0;
    %vpi_call/w 4 80 "$display", "Write number to 0x0: %h", v0000013de49922e0_0 {0 0 0};
    %jmp T_2.21;
T_2.17 ;
    %load/vec4 v0000013de49922e0_0;
    %assign/vec4 v0000013de4991de0_0, 0;
    %vpi_call/w 4 81 "$display", "Write date to 0x4: %h", v0000013de49922e0_0 {0 0 0};
    %jmp T_2.21;
T_2.18 ;
    %load/vec4 v0000013de49922e0_0;
    %assign/vec4 v0000013de4992420_0, 0;
    %vpi_call/w 4 82 "$display", "Write surname to 0x8: %h", v0000013de49922e0_0 {0 0 0};
    %jmp T_2.21;
T_2.19 ;
    %load/vec4 v0000013de49922e0_0;
    %assign/vec4 v0000013de4991e80_0, 0;
    %vpi_call/w 4 83 "$display", "Write name to 0xC: %h", v0000013de49922e0_0 {0 0 0};
    %jmp T_2.21;
T_2.21 ;
    %pop/vec4 1;
    %pushi/vec4 0, 0, 2;
    %assign/vec4 v0000013de4991980_0, 0;
T_2.12 ;
    %end;
    .scope S_0000013de4987000;
t_2 %join;
    %jmp T_2.6;
T_2.4 ;
    %fork t_5, S_0000013de4974c80;
    %jmp t_4;
    .scope S_0000013de4974c80;
t_5 ;
    %load/vec4 v0000013de4991ca0_0;
    %flag_set/vec4 10;
    %flag_get/vec4 10;
    %jmp/0 T_2.25, 10;
    %load/vec4 v0000013de4992380_0;
    %and;
T_2.25;
    %flag_set/vec4 9;
    %flag_get/vec4 9;
    %jmp/0 T_2.24, 9;
    %load/vec4 v0000013de4991d40_0;
    %nor/r;
    %and;
T_2.24;
    %flag_set/vec4 8;
    %jmp/0xz  T_2.22, 8;
    %pushi/vec4 1, 0, 1;
    %assign/vec4 v0000013de4992240_0, 0;
    %load/vec4 v0000013de4991b60_0;
    %parti/s 8, 0, 2;
    %dup/vec4;
    %pushi/vec4 0, 0, 8;
    %cmp/u;
    %jmp/1 T_2.26, 6;
    %dup/vec4;
    %pushi/vec4 4, 0, 8;
    %cmp/u;
    %jmp/1 T_2.27, 6;
    %dup/vec4;
    %pushi/vec4 8, 0, 8;
    %cmp/u;
    %jmp/1 T_2.28, 6;
    %dup/vec4;
    %pushi/vec4 12, 0, 8;
    %cmp/u;
    %jmp/1 T_2.29, 6;
    %pushi/vec4 1, 0, 1;
    %assign/vec4 v0000013de4992600_0, 0;
    %jmp T_2.31;
T_2.26 ;
    %load/vec4 v0000013de4991f20_0;
    %assign/vec4 v0000013de4991c00_0, 0;
    %jmp T_2.31;
T_2.27 ;
    %load/vec4 v0000013de4991de0_0;
    %assign/vec4 v0000013de4991c00_0, 0;
    %jmp T_2.31;
T_2.28 ;
    %load/vec4 v0000013de4992420_0;
    %assign/vec4 v0000013de4991c00_0, 0;
    %jmp T_2.31;
T_2.29 ;
    %load/vec4 v0000013de4991e80_0;
    %assign/vec4 v0000013de4991c00_0, 0;
    %jmp T_2.31;
T_2.31 ;
    %pop/vec4 1;
    %pushi/vec4 0, 0, 2;
    %assign/vec4 v0000013de4991980_0, 0;
T_2.22 ;
    %end;
    .scope S_0000013de4987000;
t_4 %join;
    %jmp T_2.6;
T_2.6 ;
    %pop/vec4 1;
T_2.1 ;
    %jmp T_2;
    .thread T_2;
    .scope S_0000013de4986e70;
T_3 ;
    %delay 10000, 0;
    %load/vec4 v0000013de49926a0_0;
    %inv;
    %store/vec4 v0000013de49926a0_0, 0, 1;
    %jmp T_3;
    .thread T_3;
    .scope S_0000013de4986e70;
T_4 ;
    %pushi/vec4 0, 0, 1;
    %store/vec4 v0000013de49926a0_0, 0, 1;
    %pushi/vec4 1, 0, 1;
    %store/vec4 v0000013de49e97f0_0, 0, 1;
    %pushi/vec4 0, 0, 1;
    %store/vec4 v0000013de49e83f0_0, 0, 1;
    %pushi/vec4 0, 0, 1;
    %store/vec4 v0000013de49917a0_0, 0, 1;
    %pushi/vec4 0, 0, 1;
    %store/vec4 v0000013de49e8530_0, 0, 1;
    %pushi/vec4 0, 0, 32;
    %store/vec4 v0000013de4992560_0, 0, 32;
    %pushi/vec4 0, 0, 32;
    %store/vec4 v0000013de49e92f0_0, 0, 32;
    %pushi/vec4 5, 0, 32;
T_4.0 %dup/vec4;
    %pushi/vec4 0, 0, 32;
    %cmp/s;
    %jmp/1xz T_4.1, 5;
    %jmp/1 T_4.1, 4;
    %pushi/vec4 1, 0, 32;
    %sub;
    %wait E_0000013de498d310;
    %jmp T_4.0;
T_4.1 ;
    %pop/vec4 1;
    %pushi/vec4 0, 0, 1;
    %store/vec4 v0000013de49e97f0_0, 0, 1;
    %pushi/vec4 5, 0, 32;
T_4.2 %dup/vec4;
    %pushi/vec4 0, 0, 32;
    %cmp/s;
    %jmp/1xz T_4.3, 5;
    %jmp/1 T_4.3, 4;
    %pushi/vec4 1, 0, 32;
    %sub;
    %wait E_0000013de498d310;
    %jmp T_4.2;
T_4.3 ;
    %pop/vec4 1;
    %pushi/vec4 1, 0, 1;
    %store/vec4 v0000013de49e97f0_0, 0, 1;
    %pushi/vec4 5, 0, 32;
T_4.4 %dup/vec4;
    %pushi/vec4 0, 0, 32;
    %cmp/s;
    %jmp/1xz T_4.5, 5;
    %jmp/1 T_4.5, 4;
    %pushi/vec4 1, 0, 32;
    %sub;
    %wait E_0000013de498d310;
    %jmp T_4.4;
T_4.5 ;
    %pop/vec4 1;
    %pushi/vec4 1879048192, 0, 32;
    %store/vec4 v0000013de4992100_0, 0, 32;
    %pushi/vec4 16, 0, 32;
    %store/vec4 v0000013de49921a0_0, 0, 32;
    %fork TD_TB.apb_write, S_0000013de49e7540;
    %join;
    %pushi/vec4 1879048192, 0, 32;
    %store/vec4 v0000013de4991fc0_0, 0, 32;
    %fork TD_TB.apb_read, S_0000013de4b16c20;
    %join;
    %load/vec4 v0000013de4992060_0;
    %store/vec4 v0000013de49924c0_0, 0, 32;
    %vpi_call/w 3 119 "$display", "Read number: %h", v0000013de49924c0_0 {0 0 0};
    %pushi/vec4 1879048196, 0, 32;
    %store/vec4 v0000013de4992100_0, 0, 32;
    %pushi/vec4 286335013, 0, 32;
    %store/vec4 v0000013de49921a0_0, 0, 32;
    %fork TD_TB.apb_write, S_0000013de49e7540;
    %join;
    %pushi/vec4 1879048196, 0, 32;
    %store/vec4 v0000013de4991fc0_0, 0, 32;
    %fork TD_TB.apb_read, S_0000013de4b16c20;
    %join;
    %load/vec4 v0000013de4992060_0;
    %store/vec4 v0000013de49924c0_0, 0, 32;
    %vpi_call/w 3 123 "$display", "Read date: %h", v0000013de49924c0_0 {0 0 0};
    %pushi/vec4 1879048200, 0, 32;
    %store/vec4 v0000013de4992100_0, 0, 32;
    %pushi/vec4 1346720325, 0, 32;
    %store/vec4 v0000013de49921a0_0, 0, 32;
    %fork TD_TB.apb_write, S_0000013de49e7540;
    %join;
    %pushi/vec4 1879048200, 0, 32;
    %store/vec4 v0000013de4991fc0_0, 0, 32;
    %fork TD_TB.apb_read, S_0000013de4b16c20;
    %join;
    %load/vec4 v0000013de4992060_0;
    %store/vec4 v0000013de49924c0_0, 0, 32;
    %vpi_call/w 3 127 "$display", "Read surname: %h", v0000013de49924c0_0 {0 0 0};
    %pushi/vec4 1879048204, 0, 32;
    %store/vec4 v0000013de4992100_0, 0, 32;
    %pushi/vec4 1398031696, 0, 32;
    %store/vec4 v0000013de49921a0_0, 0, 32;
    %fork TD_TB.apb_write, S_0000013de49e7540;
    %join;
    %pushi/vec4 1879048204, 0, 32;
    %store/vec4 v0000013de4991fc0_0, 0, 32;
    %fork TD_TB.apb_read, S_0000013de4b16c20;
    %join;
    %load/vec4 v0000013de4992060_0;
    %store/vec4 v0000013de49924c0_0, 0, 32;
    %vpi_call/w 3 131 "$display", "Read name: %h", v0000013de49924c0_0 {0 0 0};
    %pushi/vec4 10, 0, 32;
T_4.6 %dup/vec4;
    %pushi/vec4 0, 0, 32;
    %cmp/s;
    %jmp/1xz T_4.7, 5;
    %jmp/1 T_4.7, 4;
    %pushi/vec4 1, 0, 32;
    %sub;
    %wait E_0000013de498d310;
    %jmp T_4.6;
T_4.7 ;
    %pop/vec4 1;
    %vpi_call/w 3 134 "$stop" {0 0 0};
    %end;
    .thread T_4;
    .scope S_0000013de4986e70;
T_5 ;
    %vpi_call/w 3 141 "$monitor", "APB IF state: PENABLE=%b PREADY=%b PADDR=0x%h PWDATA=0x%h PRDATA=0x%h", v0000013de49917a0_0, v0000013de49918e0_0, v0000013de4992560_0, v0000013de49e92f0_0, v0000013de4991840_0 {0 0 0};
    %end;
    .thread T_5;
    .scope S_0000013de4986e70;
T_6 ;
    %vpi_call/w 3 148 "$dumpfile", "wave.vcd" {0 0 0};
    %vpi_call/w 3 149 "$dumpvars", 32'sb00000000000000000000000000000000, S_0000013de4986e70 {0 0 0};
    %end;
    .thread T_6;
# The file index is used to find the file name in the following table.
:file_names 5;
    "N/A";
    "<interactive>";
    "-";
    "tb_apb_slave.sv";
    "apb_slave.sv";
